c:\users\vladimir\desktop\school\thesis\thesisencoder\thesisencoder\x64\debug\vc142.pdb
c:\users\vladimir\desktop\school\thesis\thesisencoder\thesisencoder\x64\debug\vc142.idb
c:\users\vladimir\desktop\school\thesis\thesisencoder\thesisencoder\x64\debug\thesisencoder.obj
c:\users\vladimir\desktop\school\thesis\thesisencoder\thesisencoder\x64\debug\nvencoderoutputinvidmemcuda.obj
c:\users\vladimir\desktop\school\thesis\thesisencoder\thesisencoder\x64\debug\nvencodercuda.obj
c:\users\vladimir\desktop\school\thesis\thesisencoder\thesisencoder\x64\debug\nvencoder.obj
c:\users\vladimir\desktop\school\thesis\thesisencoder\thesisencoder\x64\debug\nvdecoder.obj
c:\users\vladimir\desktop\school\thesis\thesisencoder\x64\debug\thesisencoder.pdb
c:\users\vladimir\desktop\school\thesis\thesisencoder\thesisencoder\x64\debug\thesisencoder.tlog\cl.command.1.tlog
c:\users\vladimir\desktop\school\thesis\thesisencoder\thesisencoder\x64\debug\thesisencoder.tlog\cl.read.1.tlog
c:\users\vladimir\desktop\school\thesis\thesisencoder\thesisencoder\x64\debug\thesisencoder.tlog\cl.write.1.tlog
c:\users\vladimir\desktop\school\thesis\thesisencoder\thesisencoder\x64\debug\thesisencoder.tlog\link-cvtres.read.1.tlog
c:\users\vladimir\desktop\school\thesis\thesisencoder\thesisencoder\x64\debug\thesisencoder.tlog\link-cvtres.write.1.tlog
c:\users\vladimir\desktop\school\thesis\thesisencoder\thesisencoder\x64\debug\thesisencoder.tlog\link-rc.read.1.tlog
c:\users\vladimir\desktop\school\thesis\thesisencoder\thesisencoder\x64\debug\thesisencoder.tlog\link-rc.write.1.tlog
c:\users\vladimir\desktop\school\thesis\thesisencoder\thesisencoder\x64\debug\thesisencoder.tlog\link.15568-cvtres.read.1.tlog
c:\users\vladimir\desktop\school\thesis\thesisencoder\thesisencoder\x64\debug\thesisencoder.tlog\link.15568-cvtres.write.1.tlog
c:\users\vladimir\desktop\school\thesis\thesisencoder\thesisencoder\x64\debug\thesisencoder.tlog\link.15568-rc.read.1.tlog
c:\users\vladimir\desktop\school\thesis\thesisencoder\thesisencoder\x64\debug\thesisencoder.tlog\link.15568-rc.write.1.tlog
c:\users\vladimir\desktop\school\thesis\thesisencoder\thesisencoder\x64\debug\thesisencoder.tlog\link.15568.read.1.tlog
c:\users\vladimir\desktop\school\thesis\thesisencoder\thesisencoder\x64\debug\thesisencoder.tlog\link.15568.write.1.tlog
c:\users\vladimir\desktop\school\thesis\thesisencoder\thesisencoder\x64\debug\thesisencoder.tlog\link.command.1.tlog
c:\users\vladimir\desktop\school\thesis\thesisencoder\thesisencoder\x64\debug\thesisencoder.tlog\link.read.1.tlog
c:\users\vladimir\desktop\school\thesis\thesisencoder\thesisencoder\x64\debug\thesisencoder.tlog\link.write.1.tlog
